\BOOKMARK [0][-]{chapter.1}{\376\377\200\003\165\037\127\372\147\054\140\305\121\265}{}% 1
\BOOKMARK [1][-]{section.1.1}{\376\377\133\146\147\057\213\272\145\207}{chapter.1}% 2
\BOOKMARK [1][-]{section.1.2}{\376\377\230\171\166\356\123\302\116\016\140\305\121\265}{chapter.1}% 3
\BOOKMARK [1][-]{section.1.3}{\376\377\203\267\131\126\116\016\203\143\212\211\140\305\121\265}{chapter.1}% 4
\BOOKMARK [1][-]{section.1.4}{\376\377\133\146\147\057\116\244\155\101}{chapter.1}% 5
\BOOKMARK [1][-]{section.1.5}{\376\377\153\325\116\032\213\272\145\207\230\230\166\356\123\312\116\073\211\201\121\205\133\271}{chapter.1}% 6
\BOOKMARK [0][-]{chapter.2}{\376\377\145\073\213\373\123\132\130\353\133\146\117\115\147\037\225\364\142\337\137\000\134\125\170\024\172\166\166\204\213\376\230\230}{}% 7
\BOOKMARK [1][-]{section.2.1}{\376\377\213\376\230\230\124\015\171\360\123\312\144\130\211\201}{chapter.2}% 8
\BOOKMARK [1][-]{section.2.2}{\376\377\213\376\230\230\166\204\170\024\172\166\200\314\146\157}{chapter.2}% 9
\BOOKMARK [1][-]{section.2.3}{\376\377\170\024\172\166\166\356\166\204\124\214\163\260\133\236\141\017\116\111}{chapter.2}% 10
\BOOKMARK [2][-]{subsection.2.3.1}{\376\377\170\024\172\166\166\204\163\260\133\236\141\017\116\111}{section.2.3}% 11
\BOOKMARK [2][-]{subsection.2.3.2}{\376\377\170\024\172\166\121\205\133\271\123\312\166\356\166\204}{section.2.3}% 12
\BOOKMARK [1][-]{section.2.4}{\376\377\126\375\121\205\131\026\170\024\172\166\163\260\162\266\217\360\213\304}{chapter.2}% 13
\BOOKMARK [1][-]{section.2.5}{\376\377\170\024\172\166\121\205\133\271\116\016\170\024\172\166\145\271\154\325}{chapter.2}% 14
\BOOKMARK [2][-]{subsection.2.5.1}{\376\377\170\024\172\166\121\205\133\271}{section.2.5}% 15
\BOOKMARK [1][-]{section.2.6}{\376\377\170\024\172\166\150\106\147\266\123\312\143\320\176\262}{chapter.2}% 16
\BOOKMARK [1][-]{section.2.7}{\376\377\170\024\172\166\153\145\232\244\123\312\217\333\136\246}{chapter.2}% 17
\BOOKMARK [2][-]{subsection.2.7.1}{\376\377\170\024\172\166\153\145\232\244}{section.2.7}% 18
\BOOKMARK [2][-]{subsection.2.7.2}{\376\377\170\024\172\166\217\333\136\246}{section.2.7}% 19
\BOOKMARK [1][-]{section.2.8}{\376\377\230\204\147\037\142\020\147\234}{chapter.2}% 20
\BOOKMARK [0][-]{section*.1}{\376\377\123\302\200\003\145\207\163\056}{}% 21
\BOOKMARK [0][-]{appendix*.2}{\376\377\226\104\137\125\000\040\000\040\000\040\217\331\146\057\116\000\116\052\226\104\137\125}{}% 22
